<?xml version="1.0" encoding="UTF-8"?>
<!-- Generated by org.testng.reporters.JUnitXMLReporter -->
<testsuite ignored="0" hostname="DESKTOP-QEML4QP" failures="0" tests="3" name="Surefire test" time="44.266" errors="0" timestamp="10 Sep 2024 16:39:49 GMT">
  <testcase classname="TestingPractice.tests.standAloneTest" name="submitOrder" time="15.24"/>
  <testcase classname="TestingPractice.tests.standAloneTest" name="submitOrder" time="15.411"/>
  <testcase classname="TestingPractice.tests.standAloneTest" name="orderHistoryTest" time="0.677"/>
</testsuite> <!-- Surefire test -->
