<?xml version="1.0" encoding="UTF-8"?>
<!-- Generated by org.testng.reporters.JUnitXMLReporter -->
<testsuite ignored="0" hostname="DESKTOP-QEML4QP" failures="0" tests="3" name="Default test" time="41.742" errors="0" timestamp="10 Jul 2024 10:31:22 GMT">
  <testcase classname="TestingPractice.tests.standAloneTest" name="submitOrder" time="15.223"/>
  <testcase classname="TestingPractice.tests.standAloneTest" name="submitOrder" time="15.108"/>
  <testcase classname="TestingPractice.tests.standAloneTest" name="orderHistoryTest" time="0.592"/>
</testsuite> <!-- Default test -->
