<?xml version="1.0" encoding="UTF-8"?>
<!-- Generated by org.testng.reporters.JUnitXMLReporter -->
<testsuite ignored="2" hostname="DESKTOP-QEML4QP" failures="0" tests="0" time="0.003" errors="0" timestamp="01 Jul 2024 09:54:36 GMT">
  <testcase classname="TestingPractice.tests.errorValidation" name="submitOrder2" time="0.0">
    <ignored/>
  </testcase> <!-- submitOrder2 -->
  <testcase classname="TestingPractice.tests.errorValidation" name="submitOrder" time="0.0">
    <ignored/>
  </testcase> <!-- submitOrder -->
</testsuite>
