<?xml version="1.0" encoding="UTF-8"?>
<!-- Generated by org.testng.reporters.JUnitXMLReporter -->
<testsuite ignored="1" hostname="DESKTOP-QEML4QP" failures="0" tests="2" name="Submit Order Test" time="22.834" errors="0" timestamp="01 Jul 2024 09:54:59 GMT">
  <testcase classname="TestingPractice.tests.standAloneTest" name="submitOrder" time="15.015"/>
  <testcase classname="TestingPractice.tests.standAloneTest" name="submitOrder" time="2.621"/>
  <testcase classname="TestingPractice.tests.standAloneTest" name="orderHistoryTest" time="0.0">
    <ignored/>
  </testcase> <!-- orderHistoryTest -->
</testsuite> <!-- Submit Order Test -->
