<?xml version="1.0" encoding="UTF-8"?>
<!-- Generated by org.testng.reporters.JUnitXMLReporter -->
<testsuite ignored="0" hostname="DESKTOP-QEML4QP" failures="0" tests="3" name="Test" time="43.904" errors="0" timestamp="10 Sep 2024 12:32:39 GMT">
  <testcase classname="TestingPractice.tests.standAloneTest" name="submitOrder" time="15.553"/>
  <testcase classname="TestingPractice.tests.standAloneTest" name="submitOrder" time="15.645"/>
  <testcase classname="TestingPractice.tests.standAloneTest" name="orderHistoryTest" time="0.736"/>
</testsuite> <!-- Test -->
