<?xml version="1.0" encoding="UTF-8"?>
<!-- Generated by org.testng.reporters.JUnitXMLReporter -->
<testsuite ignored="1" hostname="DESKTOP-QEML4QP" failures="0" tests="2" name="Submit Order Test" time="44.876" errors="0" timestamp="11 Sep 2024 12:36:53 GMT">
  <testcase classname="TestingPractice.tests.standAloneTest" name="submitOrder" time="15.062"/>
  <testcase classname="TestingPractice.tests.standAloneTest" name="submitOrder" time="15.051"/>
  <testcase classname="TestingPractice.tests.standAloneTest" name="orderHistoryTest" time="0.0">
    <ignored/>
  </testcase> <!-- orderHistoryTest -->
</testsuite> <!-- Submit Order Test -->
