<?xml version="1.0" encoding="UTF-8"?>
<!-- Generated by org.testng.reporters.JUnitXMLReporter -->
<testsuite ignored="0" hostname="DESKTOP-QEML4QP" failures="0" tests="3" name="Test" time="35.817" errors="0" timestamp="11 Sep 2024 12:39:06 GMT">
  <testcase classname="TestingPractice.tests.standAloneTest" name="submitOrder" time="15.205"/>
  <testcase classname="TestingPractice.tests.standAloneTest" name="submitOrder" time="2.599"/>
  <testcase classname="TestingPractice.tests.standAloneTest" name="orderHistoryTest" time="0.487"/>
</testsuite> <!-- Test -->
