<?xml version="1.0" encoding="UTF-8"?>
<testsuite xmlns:xsi="http://www.w3.org/2001/XMLSchema-instance" xsi:noNamespaceSchemaLocation="https://maven.apache.org/surefire/maven-surefire-plugin/xsd/surefire-test-report.xsd" version="3.0.2" name="TestSuite" time="36.344" tests="5" errors="0" skipped="0" failures="0">
  <properties>
[...]
</properties>
  <testcase name="submitOrder" classname="TestingPractice.tests.errorValidation" time="0.269">
    <system-err><![CDATA[Sep 11, 2024 6:08:32 PM org.openqa.selenium.devtools.CdpVersionFinder findNearestMatch
WARNING: Unable to find an exact match for CDP version 128, returning the closest version; found: 125; Please update to a Selenium version that supports CDP version 128
Sep 11, 2024 6:08:32 PM org.openqa.selenium.devtools.CdpVersionFinder findNearestMatch
WARNING: Unable to find an exact match for CDP version 128, returning the closest version; found: 125; Please update to a Selenium version that supports CDP version 128
Sep 11, 2024 6:08:34 PM org.openqa.selenium.devtools.CdpVersionFinder findNearestMatch
WARNING: Unable to find an exact match for CDP version 128, returning the closest version; found: 125; Please update to a Selenium version that supports CDP version 128
Sep 11, 2024 6:08:34 PM org.openqa.selenium.devtools.CdpVersionFinder findNearestMatch
WARNING: Unable to find an exact match for CDP version 128, returning the closest version; found: 125; Please update to a Selenium version that supports CDP version 128
]]></system-err>
  </testcase>
  <testcase name="submitOrder2" classname="TestingPractice.tests.errorValidation" time="1.952">
    <system-err><![CDATA[Sep 11, 2024 6:08:37 PM org.openqa.selenium.devtools.CdpVersionFinder findNearestMatch
WARNING: Unable to find an exact match for CDP version 128, returning the closest version; found: 125; Please update to a Selenium version that supports CDP version 128
Sep 11, 2024 6:08:39 PM org.openqa.selenium.devtools.CdpVersionFinder findNearestMatch
WARNING: Unable to find an exact match for CDP version 128, returning the closest version; found: 125; Please update to a Selenium version that supports CDP version 128
]]></system-err>
  </testcase>
  <testcase name="submitOrder[{pwd=John@137, email=john@smith13.com, productName=ZARA COAT 3}](1)" classname="TestingPractice.tests.standAloneTest" time="9.739"/>
  <testcase name="submitOrder[{pwd=John@137, email=john@smith13.com, productName=ADIDAS ORIGINAL}](2)" classname="TestingPractice.tests.standAloneTest" time="2.599">
    <system-err><![CDATA[Sep 11, 2024 6:08:51 PM org.openqa.selenium.devtools.CdpVersionFinder findNearestMatch
WARNING: Unable to find an exact match for CDP version 128, returning the closest version; found: 125; Please update to a Selenium version that supports CDP version 128
Sep 11, 2024 6:08:53 PM org.openqa.selenium.devtools.CdpVersionFinder findNearestMatch
WARNING: Unable to find an exact match for CDP version 128, returning the closest version; found: 125; Please update to a Selenium version that supports CDP version 128
]]></system-err>
  </testcase>
  <testcase name="orderHistoryTest" classname="TestingPractice.tests.standAloneTest" time="0.487">
    <system-err><![CDATA[Sep 11, 2024 6:09:01 PM org.openqa.selenium.devtools.CdpVersionFinder findNearestMatch
WARNING: Unable to find an exact match for CDP version 128, returning the closest version; found: 125; Please update to a Selenium version that supports CDP version 128
Sep 11, 2024 6:09:03 PM org.openqa.selenium.devtools.CdpVersionFinder findNearestMatch
WARNING: Unable to find an exact match for CDP version 128, returning the closest version; found: 125; Please update to a Selenium version that supports CDP version 128
]]></system-err>
  </testcase>
</testsuite>