<?xml version="1.0" encoding="UTF-8"?>
<testng-results ignored="0" total="5" passed="4" failed="1" skipped="0">
  <reporter-output>
  </reporter-output>
  <suite started-at="2024-09-10T12:31:55Z" name="Suite" finished-at="2024-09-10T12:32:39Z" duration-ms="43904">
    <groups>
      <group name="Purchase">
        <method signature="standAloneTest.submitOrder(java.util.HashMap)[pri:0, instance:TestingPractice.tests.standAloneTest@7098b907]" name="submitOrder" class="TestingPractice.tests.standAloneTest"/>
      </group> <!-- Purchase -->
    </groups>
    <test started-at="2024-09-10T12:31:55Z" name="Test2" finished-at="2024-09-10T12:32:13Z" duration-ms="18051">
      <class name="TestingPractice.tests.errorValidation">
        <test-method is-config="true" signature="launchApplication()[pri:0, instance:TestingPractice.tests.errorValidation@22f59fa]" started-at="2024-09-10T12:31:55Z" name="launchApplication" finished-at="2024-09-10T12:32:00Z" duration-ms="4601" status="PASS">
          <reporter-output>
          </reporter-output>
        </test-method> <!-- launchApplication -->
        <test-method signature="submitOrder()[pri:0, instance:TestingPractice.tests.errorValidation@22f59fa]" started-at="2024-09-10T12:32:00Z" name="submitOrder" finished-at="2024-09-10T12:32:00Z" duration-ms="473" status="PASS">
          <reporter-output>
          </reporter-output>
        </test-method> <!-- submitOrder -->
        <test-method is-config="true" signature="closeBrowser()[pri:0, instance:TestingPractice.tests.errorValidation@22f59fa]" started-at="2024-09-10T12:32:00Z" name="closeBrowser" finished-at="2024-09-10T12:32:01Z" duration-ms="243" status="PASS">
          <reporter-output>
          </reporter-output>
        </test-method> <!-- closeBrowser -->
        <test-method is-config="true" signature="launchApplication()[pri:0, instance:TestingPractice.tests.errorValidation@22f59fa]" started-at="2024-09-10T12:32:01Z" name="launchApplication" finished-at="2024-09-10T12:32:03Z" duration-ms="1802" status="PASS">
          <reporter-output>
          </reporter-output>
        </test-method> <!-- launchApplication -->
        <test-method signature="submitOrder2()[pri:0, instance:TestingPractice.tests.errorValidation@22f59fa]" started-at="2024-09-10T12:32:03Z" name="submitOrder2" finished-at="2024-09-10T12:32:13Z" duration-ms="10273" status="FAIL">
          <exception class="org.openqa.selenium.TimeoutException">
            <message>
              <![CDATA[Expected condition failed: waiting for visibility of element located by By.cssSelector: .mb-3 (tried for 10 second(s) with 500 milliseconds interval)
Build info: version: '4.21.0', revision: '79ed462ef4'
System info: os.name: 'Windows 11', os.arch: 'amd64', os.version: '10.0', java.version: '17.0.3'
Driver info: org.openqa.selenium.chrome.ChromeDriver
Capabilities {acceptInsecureCerts: false, browserName: chrome, browserVersion: 128.0.6613.85, chrome: {chromedriverVersion: 128.0.6613.119 (6e439cfca4d..., userDataDir: C:\Users\User\AppData\Local...}, fedcm:accounts: true, goog:chromeOptions: {debuggerAddress: localhost:56404}, networkConnectionEnabled: false, pageLoadStrategy: normal, platformName: windows, proxy: Proxy(), se:cdp: ws://localhost:56404/devtoo..., se:cdpVersion: 128.0.6613.85, setWindowRect: true, strictFileInteractability: false, timeouts: {implicit: 0, pageLoad: 300000, script: 30000}, unhandledPromptBehavior: dismiss and notify, webauthn:extension:credBlob: true, webauthn:extension:largeBlob: true, webauthn:extension:minPinLength: true, webauthn:extension:prf: true, webauthn:virtualAuthenticators: true}
Session ID: a7a4e4db8a472abca3c41748770907ae]]>
            </message>
            <full-stacktrace>
              <![CDATA[org.openqa.selenium.TimeoutException: Expected condition failed: waiting for visibility of element located by By.cssSelector: .mb-3 (tried for 10 second(s) with 500 milliseconds interval)
Build info: version: '4.21.0', revision: '79ed462ef4'
System info: os.name: 'Windows 11', os.arch: 'amd64', os.version: '10.0', java.version: '17.0.3'
Driver info: org.openqa.selenium.chrome.ChromeDriver
Capabilities {acceptInsecureCerts: false, browserName: chrome, browserVersion: 128.0.6613.85, chrome: {chromedriverVersion: 128.0.6613.119 (6e439cfca4d..., userDataDir: C:\Users\User\AppData\Local...}, fedcm:accounts: true, goog:chromeOptions: {debuggerAddress: localhost:56404}, networkConnectionEnabled: false, pageLoadStrategy: normal, platformName: windows, proxy: Proxy(), se:cdp: ws://localhost:56404/devtoo..., se:cdpVersion: 128.0.6613.85, setWindowRect: true, strictFileInteractability: false, timeouts: {implicit: 0, pageLoad: 300000, script: 30000}, unhandledPromptBehavior: dismiss and notify, webauthn:extension:credBlob: true, webauthn:extension:largeBlob: true, webauthn:extension:minPinLength: true, webauthn:extension:prf: true, webauthn:virtualAuthenticators: true}
Session ID: a7a4e4db8a472abca3c41748770907ae
at org.openqa.selenium.support.ui.WebDriverWait.timeoutException(WebDriverWait.java:84)
at org.openqa.selenium.support.ui.FluentWait.until(FluentWait.java:228)
at TestingPractice.abstractComponents.abstractComponents.waitForElementToAppear(abstractComponents.java:33)
at TestingPractice.pageObjects.productCatalogue.getProductList(productCatalogue.java:37)
at TestingPractice.tests.errorValidation.submitOrder2(errorValidation.java:49)
at java.base/jdk.internal.reflect.NativeMethodAccessorImpl.invoke0(Native Method)
at java.base/jdk.internal.reflect.NativeMethodAccessorImpl.invoke(NativeMethodAccessorImpl.java:77)
at java.base/jdk.internal.reflect.DelegatingMethodAccessorImpl.invoke(DelegatingMethodAccessorImpl.java:43)
at java.base/java.lang.reflect.Method.invoke(Method.java:568)
at org.testng.internal.MethodInvocationHelper.invokeMethod(MethodInvocationHelper.java:124)
at org.testng.internal.Invoker.invokeMethod(Invoker.java:583)
at org.testng.internal.Invoker.invokeTestMethod(Invoker.java:719)
at org.testng.internal.Invoker.invokeTestMethods(Invoker.java:989)
at org.testng.internal.TestMethodWorker.invokeTestMethods(TestMethodWorker.java:125)
at org.testng.internal.TestMethodWorker.run(TestMethodWorker.java:109)
at org.testng.TestRunner.privateRun(TestRunner.java:648)
at org.testng.TestRunner.run(TestRunner.java:505)
at org.testng.SuiteRunner.runTest(SuiteRunner.java:455)
at org.testng.SuiteRunner.access$000(SuiteRunner.java:40)
at org.testng.SuiteRunner$SuiteWorker.run(SuiteRunner.java:489)
at org.testng.internal.thread.ThreadUtil$1.call(ThreadUtil.java:52)
at java.base/java.util.concurrent.FutureTask.run(FutureTask.java:264)
at java.base/java.util.concurrent.ThreadPoolExecutor.runWorker(ThreadPoolExecutor.java:1136)
at java.base/java.util.concurrent.ThreadPoolExecutor$Worker.run(ThreadPoolExecutor.java:635)
at java.base/java.lang.Thread.run(Thread.java:833)
]]>
            </full-stacktrace>
          </exception> <!-- org.openqa.selenium.TimeoutException -->
          <reporter-output>
          </reporter-output>
        </test-method> <!-- submitOrder2 -->
        <test-method is-config="true" signature="closeBrowser()[pri:0, instance:TestingPractice.tests.errorValidation@22f59fa]" started-at="2024-09-10T12:32:13Z" name="closeBrowser" finished-at="2024-09-10T12:32:13Z" duration-ms="232" status="PASS">
          <reporter-output>
          </reporter-output>
        </test-method> <!-- closeBrowser -->
      </class> <!-- TestingPractice.tests.errorValidation -->
    </test> <!-- Test2 -->
    <test started-at="2024-09-10T12:31:55Z" name="Test" finished-at="2024-09-10T12:32:39Z" duration-ms="43904">
      <class name="TestingPractice.tests.standAloneTest">
        <test-method is-config="true" signature="launchApplication()[pri:0, instance:TestingPractice.tests.standAloneTest@7098b907]" started-at="2024-09-10T12:31:56Z" name="launchApplication" finished-at="2024-09-10T12:32:00Z" duration-ms="4049" status="PASS">
          <reporter-output>
          </reporter-output>
        </test-method> <!-- launchApplication -->
        <test-method signature="submitOrder(java.util.HashMap)[pri:0, instance:TestingPractice.tests.standAloneTest@7098b907]" started-at="2024-09-10T12:32:00Z" name="submitOrder" data-provider="getData" finished-at="2024-09-10T12:32:15Z" duration-ms="15553" status="PASS">
          <params>
            <param index="0">
              <value>
                <![CDATA[{pwd=John@137, email=john@smith13.com, productName=ZARA COAT 3}]]>
              </value>
            </param>
          </params>
          <reporter-output>
          </reporter-output>
        </test-method> <!-- submitOrder -->
        <test-method is-config="true" signature="closeBrowser()[pri:0, instance:TestingPractice.tests.standAloneTest@7098b907]" started-at="2024-09-10T12:32:15Z" name="closeBrowser" finished-at="2024-09-10T12:32:16Z" duration-ms="266" status="PASS">
          <reporter-output>
          </reporter-output>
        </test-method> <!-- closeBrowser -->
        <test-method is-config="true" signature="launchApplication()[pri:0, instance:TestingPractice.tests.standAloneTest@7098b907]" started-at="2024-09-10T12:32:16Z" name="launchApplication" finished-at="2024-09-10T12:32:21Z" duration-ms="5072" status="PASS">
          <reporter-output>
          </reporter-output>
        </test-method> <!-- launchApplication -->
        <test-method signature="submitOrder(java.util.HashMap)[pri:0, instance:TestingPractice.tests.standAloneTest@7098b907]" started-at="2024-09-10T12:32:21Z" name="submitOrder" data-provider="getData" finished-at="2024-09-10T12:32:36Z" duration-ms="15645" status="PASS">
          <params>
            <param index="0">
              <value>
                <![CDATA[{pwd=John@137, email=john@smith13.com, productName=ADIDAS ORIGINAL}]]>
              </value>
            </param>
          </params>
          <reporter-output>
          </reporter-output>
        </test-method> <!-- submitOrder -->
        <test-method is-config="true" signature="closeBrowser()[pri:0, instance:TestingPractice.tests.standAloneTest@7098b907]" started-at="2024-09-10T12:32:36Z" name="closeBrowser" finished-at="2024-09-10T12:32:37Z" duration-ms="245" status="PASS">
          <reporter-output>
          </reporter-output>
        </test-method> <!-- closeBrowser -->
        <test-method is-config="true" signature="launchApplication()[pri:0, instance:TestingPractice.tests.standAloneTest@7098b907]" started-at="2024-09-10T12:32:37Z" name="launchApplication" finished-at="2024-09-10T12:32:38Z" duration-ms="1780" status="PASS">
          <reporter-output>
          </reporter-output>
        </test-method> <!-- launchApplication -->
        <test-method signature="orderHistoryTest()[pri:0, instance:TestingPractice.tests.standAloneTest@7098b907]" started-at="2024-09-10T12:32:38Z" name="orderHistoryTest" finished-at="2024-09-10T12:32:39Z" depends-on-methods="TestingPractice.tests.standAloneTest.submitOrder" duration-ms="736" status="PASS">
          <reporter-output>
          </reporter-output>
        </test-method> <!-- orderHistoryTest -->
        <test-method is-config="true" signature="closeBrowser()[pri:0, instance:TestingPractice.tests.standAloneTest@7098b907]" started-at="2024-09-10T12:32:39Z" name="closeBrowser" finished-at="2024-09-10T12:32:39Z" duration-ms="196" status="PASS">
          <reporter-output>
          </reporter-output>
        </test-method> <!-- closeBrowser -->
      </class> <!-- TestingPractice.tests.standAloneTest -->
    </test> <!-- Test -->
  </suite> <!-- Suite -->
</testng-results>
